<?xml version="1.0" encoding="UTF-8"?>
<!-- Generated by org.testng.reporters.JUnitReportReporter -->
<testsuite hostname="M2B-L-F28PH9R" failures="0" tests="1" name="test.test2" time="0.000" errors="0" timestamp="2022-09-02T14:42:56 IST" skipped="0">
  <testcase classname="test.test2" name="method1" time="0.000"/>
  <system-out/>
</testsuite> <!-- test.test2 -->
