<?xml version="1.0" encoding="UTF-8"?>
<!-- Generated by org.testng.reporters.JUnitReportReporter -->
<testsuite hostname="M2B-L-F28PH9R" failures="0" tests="2" name="test.test3" time="0.014" errors="0" timestamp="2022-09-02T17:25:02 IST" skipped="0">
  <testcase classname="test.test3" name="apiLoginCarLoan" time="0.003"/>
  <system-out/>
  <testcase classname="test.test3" name="webLoginCarLoan" time="0.011"/>
  <system-out/>
</testsuite> <!-- test.test3 -->
