<?xml version="1.0" encoding="UTF-8"?>
<!-- Generated by org.testng.reporters.JUnitReportReporter -->
<testsuite hostname="M2B-L-F28PH9R" failures="0" tests="3" name="test.test4" time="0.023" errors="0" timestamp="2022-09-02T17:25:02 IST" skipped="0">
  <testcase classname="test.test4" name="webLoginHomeLoan" time="0.005"/>
  <system-out/>
  <testcase classname="test.test4" name="webLoginHomeLoan" time="0.004"/>
  <system-out/>
  <testcase classname="test.test4" name="webLoginHomeLoan" time="0.014"/>
  <system-out/>
</testsuite> <!-- test.test4 -->
