<?xml version="1.0" encoding="UTF-8"?>
<!-- Generated by org.testng.reporters.JUnitReportReporter -->
<testsuite hostname="M2B-L-F28PH9R" failures="0" tests="1" name="Selenium.Tests.ErrorValidations" time="10.053" errors="0" timestamp="2022-09-17T21:59:36 IST" skipped="0">
  <testcase classname="Selenium.Tests.ErrorValidations" name="loginFailureValidations" time="10.053"/>
  <system-out/>
</testsuite> <!-- Selenium.Tests.ErrorValidations -->
