<?xml version="1.0" encoding="UTF-8"?>
<!-- Generated by org.testng.reporters.JUnitReportReporter -->
<testsuite hostname="M2B-L-F28PH9R" failures="0" tests="2" name="Selenium.Tests.PageObjectModel" time="23.206" errors="0" timestamp="2022-09-17T21:43:55 IST" skipped="0">
  <testcase classname="Selenium.Tests.PageObjectModel" name="submitOrder" time="17.049"/>
  <system-out/>
  <testcase classname="Selenium.Tests.PageObjectModel" name="ordersHistoryTest" time="6.157"/>
  <system-out/>
</testsuite> <!-- Selenium.Tests.PageObjectModel -->
